0 info it worked if it ends with ok
1 verbose cli [ 'C:\\Program Files\\nodejs\\node.exe',
1 verbose cli   'C:\\Program Files\\nodejs\\node_modules\\npm\\bin\\npm-cli.js',
1 verbose cli   'start' ]
2 info using npm@3.10.8
3 info using node@v4.5.0
4 verbose run-script [ 'prestart', 'start', 'poststart' ]
5 info lifecycle diversitysymposiumproject@1.0.0~prestart: diversitysymposiumproject@1.0.0
6 verbose lifecycle diversitysymposiumproject@1.0.0~prestart: unsafe-perm in lifecycle true
7 verbose lifecycle diversitysymposiumproject@1.0.0~prestart: PATH: C:\Program Files\nodejs\node_modules\npm\bin\node-gyp-bin;C:\Users\jenmi\Documents\GitHub\DRSWebsiteCS495\node_modules\.bin;C:\ProgramData\Oracle\Java\javapath;C:\WINDOWS\system32;C:\WINDOWS;C:\WINDOWS\System32\Wbem;C:\WINDOWS\System32\WindowsPowerShell\v1.0\;C:\Program Files (x86)\Windows Kits\8.1\Windows Performance Toolkit\;C:\Program Files\Git\cmd;C:\Program Files\nodejs\;C:\WINDOWS\system32\config\systemprofile\.dnx\bin;C:\Program Files\Microsoft DNX\Dnvm\;C:\Program Files\Microsoft SQL Server\130\Tools\Binn\;C:\Program Files (x86)\Microsoft Emulator Manager\1.0\;C:\Users\jenmi\AppData\Local\atom\bin;C:\Users\jenmi\AppData\Roaming\npm;%USERPROFILE%\AppData\Local\Microsoft\WindowsApps;
8 verbose lifecycle diversitysymposiumproject@1.0.0~prestart: CWD: C:\Users\jenmi\Documents\GitHub\DRSWebsiteCS495
9 silly lifecycle diversitysymposiumproject@1.0.0~prestart: Args: [ '/d /s /c', 'npm install' ]
10 silly lifecycle diversitysymposiumproject@1.0.0~prestart: Returned: code: 0  signal: null
11 info lifecycle diversitysymposiumproject@1.0.0~start: diversitysymposiumproject@1.0.0
12 verbose lifecycle diversitysymposiumproject@1.0.0~start: unsafe-perm in lifecycle true
13 verbose lifecycle diversitysymposiumproject@1.0.0~start: PATH: C:\Program Files\nodejs\node_modules\npm\bin\node-gyp-bin;C:\Users\jenmi\Documents\GitHub\DRSWebsiteCS495\node_modules\.bin;C:\ProgramData\Oracle\Java\javapath;C:\WINDOWS\system32;C:\WINDOWS;C:\WINDOWS\System32\Wbem;C:\WINDOWS\System32\WindowsPowerShell\v1.0\;C:\Program Files (x86)\Windows Kits\8.1\Windows Performance Toolkit\;C:\Program Files\Git\cmd;C:\Program Files\nodejs\;C:\WINDOWS\system32\config\systemprofile\.dnx\bin;C:\Program Files\Microsoft DNX\Dnvm\;C:\Program Files\Microsoft SQL Server\130\Tools\Binn\;C:\Program Files (x86)\Microsoft Emulator Manager\1.0\;C:\Users\jenmi\AppData\Local\atom\bin;C:\Users\jenmi\AppData\Roaming\npm;%USERPROFILE%\AppData\Local\Microsoft\WindowsApps;
14 verbose lifecycle diversitysymposiumproject@1.0.0~start: CWD: C:\Users\jenmi\Documents\GitHub\DRSWebsiteCS495
15 silly lifecycle diversitysymposiumproject@1.0.0~start: Args: [ '/d /s /c', 'gulp' ]
16 verbose stack Error: kill ENOSYS
16 verbose stack     at exports._errnoException (util.js:907:11)
16 verbose stack     at process.kill (node.js:777:15)
16 verbose stack     at process.listener (C:\Program Files\nodejs\node_modules\npm\node_modules\npmlog\node_modules\gauge\node_modules\signal-exit\index.js:86:15)
16 verbose stack     at emitNone (events.js:72:20)
16 verbose stack     at process.emit (events.js:166:7)
16 verbose stack     at processEmit (C:\Program Files\nodejs\node_modules\npm\node_modules\npmlog\node_modules\gauge\node_modules\signal-exit\index.js:146:32)
16 verbose stack     at processEmit (C:\Program Files\nodejs\node_modules\npm\node_modules\npm-registry-client\node_modules\npmlog\node_modules\gauge\node_modules\signal-exit\index.js:146:32)
16 verbose stack     at Signal.wrap.onsignal (node.js:804:46)
17 verbose cwd C:\Users\jenmi\Documents\GitHub\DRSWebsiteCS495
18 error Windows_NT 10.0.14393
19 error argv "C:\\Program Files\\nodejs\\node.exe" "C:\\Program Files\\nodejs\\node_modules\\npm\\bin\\npm-cli.js" "start"
20 error node v4.5.0
21 error npm  v3.10.8
22 error code ENOSYS
23 error errno ENOSYS
24 error syscall kill
25 error kill ENOSYS
26 error If you need help, you may report this error at:
26 error     <https://github.com/npm/npm/issues>
27 verbose exit [ 1, true ]
